  ConsoleApplication1.cpp
D:\C\C\ConsoleApplication1\ConsoleApplication1\ConsoleApplication1.cpp(100,8): warning C4244: 'initializing': conversion from 'double' to 'int', possible loss of data
D:\C\C\ConsoleApplication1\ConsoleApplication1\ConsoleApplication1.cpp(107,6): warning C4101: 'i': unreferenced local variable
D:\C\C\ConsoleApplication1\ConsoleApplication1\ConsoleApplication1.cpp(120,2): error C4996: 'scanf': This function or variable may be unsafe. Consider using scanf_s instead. To disable deprecation, use _CRT_SECURE_NO_WARNINGS. See online help for details.
D:\C\C\ConsoleApplication1\ConsoleApplication1\ConsoleApplication1.cpp(196,2): error C4996: 'scanf': This function or variable may be unsafe. Consider using scanf_s instead. To disable deprecation, use _CRT_SECURE_NO_WARNINGS. See online help for details.
D:\C\C\ConsoleApplication1\ConsoleApplication1\ConsoleApplication1.cpp(198,2): error C4996: 'scanf': This function or variable may be unsafe. Consider using scanf_s instead. To disable deprecation, use _CRT_SECURE_NO_WARNINGS. See online help for details.
D:\C\C\ConsoleApplication1\ConsoleApplication1\ConsoleApplication1.cpp(267,2): error C4996: 'scanf': This function or variable may be unsafe. Consider using scanf_s instead. To disable deprecation, use _CRT_SECURE_NO_WARNINGS. See online help for details.
D:\C\C\ConsoleApplication1\ConsoleApplication1\ConsoleApplication1.cpp(300,8): warning C4244: 'initializing': conversion from 'float' to 'int', possible loss of data
D:\C\C\ConsoleApplication1\ConsoleApplication1\ConsoleApplication1.cpp(407,23): warning C4244: 'initializing': conversion from 'double' to 'unsigned __int64', possible loss of data
D:\C\C\ConsoleApplication1\ConsoleApplication1\ConsoleApplication1.cpp(413,19): warning C4244: 'initializing': conversion from 'double' to 'unsigned short', possible loss of data
D:\C\C\ConsoleApplication1\ConsoleApplication1\ConsoleApplication1.cpp(419,13): warning C4244: 'initializing': conversion from 'double' to 'unsigned int', possible loss of data
D:\C\C\ConsoleApplication1\ConsoleApplication1\ConsoleApplication1.cpp(425,17): warning C4244: 'initializing': conversion from 'double' to 'int', possible loss of data
D:\C\C\ConsoleApplication1\ConsoleApplication1\ConsoleApplication1.cpp(434,2): error C4996: 'scanf': This function or variable may be unsafe. Consider using scanf_s instead. To disable deprecation, use _CRT_SECURE_NO_WARNINGS. See online help for details.
D:\C\C\ConsoleApplication1\ConsoleApplication1\ConsoleApplication1.cpp(476,17): warning C4244: 'initializing': conversion from 'double' to 'unsigned int', possible loss of data
D:\C\C\ConsoleApplication1\ConsoleApplication1\ConsoleApplication1.cpp(482,21): warning C4244: 'initializing': conversion from 'double' to 'unsigned short', possible loss of data
D:\C\C\ConsoleApplication1\ConsoleApplication1\ConsoleApplication1.cpp(503,18): warning C4305: 'initializing': truncation from 'double' to 'float'
D:\C\C\ConsoleApplication1\ConsoleApplication1\ConsoleApplication1.cpp(510,18): warning C4244: 'initializing': conversion from 'double' to 'unsigned long', possible loss of data
D:\C\C\ConsoleApplication1\ConsoleApplication1\ConsoleApplication1.cpp(537,12): warning C4244: 'return': conversion from 'double' to 'long', possible loss of data
D:\C\C\ConsoleApplication1\ConsoleApplication1\ConsoleApplication1.cpp(542,12): warning C4244: 'return': conversion from 'double' to 'int', possible loss of data
D:\C\C\ConsoleApplication1\ConsoleApplication1\ConsoleApplication1.cpp(561,9): warning C4477: 'printf' : format string '%s' requires an argument of type 'char *', but variadic argument 1 has type 'int'
D:\C\C\ConsoleApplication1\ConsoleApplication1\ConsoleApplication1.cpp(561,9): warning C4313: 'printf': '%s' in format string conflicts with argument 1 of type 'int'
D:\C\C\ConsoleApplication1\ConsoleApplication1\ConsoleApplication1.cpp(578,2): error C4996: 'scanf': This function or variable may be unsafe. Consider using scanf_s instead. To disable deprecation, use _CRT_SECURE_NO_WARNINGS. See online help for details.
D:\C\C\ConsoleApplication1\ConsoleApplication1\ConsoleApplication1.cpp(580,2): error C4996: 'scanf': This function or variable may be unsafe. Consider using scanf_s instead. To disable deprecation, use _CRT_SECURE_NO_WARNINGS. See online help for details.
D:\C\C\ConsoleApplication1\ConsoleApplication1\ConsoleApplication1.cpp(613,26): error C4996: 'asctime': This function or variable may be unsafe. Consider using asctime_s instead. To disable deprecation, use _CRT_SECURE_NO_WARNINGS. See online help for details.
D:\C\C\ConsoleApplication1\ConsoleApplication1\ConsoleApplication1.cpp(614,26): error C4996: 'asctime': This function or variable may be unsafe. Consider using asctime_s instead. To disable deprecation, use _CRT_SECURE_NO_WARNINGS. See online help for details.
  externdemo.cpp
  Generating Code...
